java.lang.AssertionError: Verification "ValidateEquals" FAILED. Expected "Sauce Labs Backpack" and Actual "Sauce Labs Onesie". Comparison Type "CONTAINS". Validation Type "POSITIVE".
 com.shaft.validation.internal.ValidationsHelper.reportValidationState(ValidationsHelper.java:637)
 com.shaft.validation.internal.ValidationsHelper.fail(ValidationsHelper.java:400)
 com.shaft.validation.internal.ValidationsHelper.validateEquals(ValidationsHelper.java:70)
 com.shaft.validation.internal.ValidationsExecutor.performValidation(ValidationsExecutor.java:154)
 com.shaft.validation.internal.ValidationsExecutor.perform(ValidationsExecutor.java:146)
 saucePOM.Sauce_productPage.validateProductName(Sauce_productPage.java:61)
 smokeTest.productListTests.verifyTheProductData(productListTests.java:42)
 java.base/jdk.internal.reflect.DirectMethodHandleAccessor.invoke(DirectMethodHandleAccessor.java:104)
 java.base/java.lang.reflect.Method.invoke(Method.java:578)
 org.testng.internal.invokers.MethodInvocationHelper.invokeMethod(MethodInvocationHelper.java:139)
 org.testng.internal.invokers.TestInvoker.invokeMethod(TestInvoker.java:664)
 org.testng.internal.invokers.TestInvoker.invokeTestMethod(TestInvoker.java:228)
 org.testng.internal.invokers.MethodRunner.runInSequence(MethodRunner.java:63)
 org.testng.internal.invokers.TestInvoker$MethodInvocationAgent.invoke(TestInvoker.java:961)
 org.testng.internal.invokers.TestInvoker.invokeTestMethods(TestInvoker.java:201)
 org.testng.internal.invokers.TestMethodWorker.invokeTestMethods(TestMethodWorker.java:148)
 org.testng.internal.invokers.TestMethodWorker.run(TestMethodWorker.java:128)
 java.base/java.util.ArrayList.forEach(ArrayList.java:1511)
 org.testng.TestRunner.privateRun(TestRunner.java:819)
 org.testng.TestRunner.run(TestRunner.java:619)
 org.testng.SuiteRunner.runTest(SuiteRunner.java:443)
 org.testng.SuiteRunner.runSequentially(SuiteRunner.java:437)
 org.testng.SuiteRunner.privateRun(SuiteRunner.java:397)
 org.testng.SuiteRunner.run(SuiteRunner.java:336)
 org.testng.SuiteRunnerWorker.runSuite(SuiteRunnerWorker.java:52)
 org.testng.SuiteRunnerWorker.run(SuiteRunnerWorker.java:95)
 org.testng.TestNG.runSuitesSequentially(TestNG.java:1301)
 org.testng.TestNG.runSuitesLocally(TestNG.java:1228)
 org.testng.TestNG.runSuites(TestNG.java:1134)
 org.testng.TestNG.run(TestNG.java:1101)
 com.intellij.rt.testng.IDEARemoteTestNG.run(IDEARemoteTestNG.java:65)
 com.intellij.rt.testng.RemoteTestNGStarter.main(RemoteTestNGStarter.java:105)
